
> cardboard-butler@2.0.0 start
> yarn run start-dev

yarn run v1.22.22
$ export NODE_OPTIONS=--openssl-legacy-provider && webpack-dev-server --mode development
[34mℹ[39m [90m｢wds｣[39m: Project is running at http://localhost:8080/
[34mℹ[39m [90m｢wds｣[39m: webpack output is served from /
[34mℹ[39m [90m｢wds｣[39m: Content not from webpack is served from /app
ℹ ｢atl｣: Using typescript@3.9.10 from typescript
ℹ ｢atl｣: Using tsconfig.json from /app/tsconfig.json (in a forked process)
ℹ ｢atl｣: Checking started in a separate process...
[34mℹ[39m [90m｢wdm｣[39m: Hash: 6ca8dbce5de7f5c324a4
Version: webpack 4.47.0
Time: 7468ms
Built at: 01/21/2026 4:01:06 AM
     Asset       Size  Chunks                    Chunk Names
index.html  519 bytes          [emitted]
   main.js   9.52 MiB    main  [emitted]  [big]  main
Entrypoint main [big] = main.js
[0] multi ../node_modules/webpack-dev-server/client?http://localhost:8080 ../node_modules/webpack/hot/dev-server.js react-hot-loader/patch webpack-dev-server/client?http://localhost:8080 webpack/hot/only-dev-server ./index.tsx 88 bytes {main} [built]
[../node_modules/@hot-loader/react-dom/index.js] 1.33 KiB {main} [built]
[../node_modules/react-hot-loader/dist/react-hot-loader.development.js] 98.2 KiB {main} [built]
[../node_modules/react-hot-loader/index.js] 1.55 KiB {main} [built]
[../node_modules/react-hot-loader/patch.js] 229 bytes {main} [built]
[../node_modules/react/index.js] 190 bytes {main} [built]
[../node_modules/webpack-dev-server/client/index.js?http://localhost:8080] ../node_modules/webpack-dev-server/client?http://localhost:8080 4.29 KiB {main} [built]
[../node_modules/webpack-dev-server/client/overlay.js] 3.52 KiB {main} [built]
[../node_modules/webpack-dev-server/client/socket.js] 1.53 KiB {main} [built]
[../node_modules/webpack-dev-server/client/utils/createSocketUrl.js] 2.91 KiB {main} [built]
[../node_modules/webpack-dev-server/client/utils/log.js] 964 bytes {main} [built]
[../node_modules/webpack-dev-server/client/utils/reloadApp.js] 1.59 KiB {main} [built]
[../node_modules/webpack/hot/dev-server.js] 1.59 KiB {main} [built]
[../node_modules/webpack/hot/only-dev-server.js] 2.52 KiB {main} [built]
[./index.tsx] 1.43 KiB {main} [built]
    + 849 hidden modules
Child html-webpack-plugin for "index.html":
     1 asset
    Entrypoint undefined = index.html
    [../node_modules/html-webpack-plugin/lib/loader.js!../public/index.html] 675 bytes {0} [built]
    [../node_modules/lodash/lodash.js] 531 KiB {0} [built]
    [../node_modules/webpack/buildin/global.js] 472 bytes {0} [built]
    [../node_modules/webpack/buildin/module.js] 497 bytes {0} [built]
[34mℹ[39m [90m｢wdm｣[39m: Compiled successfully.
ℹ ｢atl｣: Time: 277ms
error Command failed with signal "SIGTERM".
info Visit https://yarnpkg.com/en/docs/cli/run for documentation about this command.
